info t=2016-10-22T16:19:18.232Z Cinnamon.AppSystem.get_default() started in 650 ms
info t=2016-10-22T16:19:18.239Z loading user theme: /usr/share/themes/Linux Mint/cinnamon/cinnamon.css
info t=2016-10-22T16:19:18.263Z added icon directory: /usr/share/themes/Linux Mint/cinnamon
info t=2016-10-22T16:19:18.668Z PlacesManager: Updating devices
info t=2016-10-22T16:19:18.697Z loaded at Sat Oct 22 2016 22:19:18 GMT+0600 (OMST)
info t=2016-10-22T16:19:19.362Z Loaded applet menu@cinnamon.org in 622 ms
info t=2016-10-22T16:19:19.371Z Loaded applet show-desktop@cinnamon.org in 7 ms
info t=2016-10-22T16:19:19.409Z Role locked: panellauncher
info t=2016-10-22T16:19:19.409Z Loaded applet panel-launchers@cinnamon.org in 36 ms
info t=2016-10-22T16:19:19.424Z Loaded applet window-list@cinnamon.org in 13 ms
info t=2016-10-22T16:19:19.436Z Role locked: notifications
info t=2016-10-22T16:19:19.441Z Loaded applet notifications@cinnamon.org in 16 ms
info t=2016-10-22T16:19:19.521Z Loaded applet user@cinnamon.org in 78 ms
info t=2016-10-22T16:19:19.533Z Loaded applet removable-drives@cinnamon.org in 11 ms
info t=2016-10-22T16:19:19.695Z Loaded applet keyboard@cinnamon.org in 161 ms
info t=2016-10-22T16:19:19.885Z Loaded applet network@cinnamon.org in 187 ms
info t=2016-10-22T16:19:19.929Z Loaded applet sound@cinnamon.org in 43 ms
info t=2016-10-22T16:19:19.954Z Loaded applet power@cinnamon.org in 23 ms
info t=2016-10-22T16:19:19.965Z Loaded applet systray@cinnamon.org in 10 ms
info t=2016-10-22T16:19:19.992Z Loaded applet calendar@cinnamon.org in 25 ms
info t=2016-10-22T16:19:20.003Z Loaded applet windows-quick-list@cinnamon.org in 9 ms
info t=2016-10-22T16:19:20.004Z AppletManager.init() started in 1307 ms
info t=2016-10-22T16:19:20.008Z Cinnamon took 2731 ms to start
info t=2016-10-22T16:19:20.836Z Adding systray: blueberry-tray.py (24x24px)
info t=2016-10-22T16:19:20.838Z Hiding systray: network
info t=2016-10-22T16:19:37.927Z Adding systray: mintupdate.py (24x24px)
